2023-05-10T07:16:17+00:00 CRITICAL Uncaught TypeError: Argument 1 passed to Automattic\WooCommerce\Internal\ProductAttributesLookup\LookupDataStore::get_attribute_taxonomies() must be an instance of WC_Product, bool given, called in C:\xampp\htdocs\Besire\wp-content\plugins\woocommerce\src\Internal\ProductAttributesLookup\LookupDataStore.php on line 378 and defined in C:\xampp\htdocs\Besire\wp-content\plugins\woocommerce\src\Internal\ProductAttributesLookup\LookupDataStore.php:516
Stack trace:
#0 C:\xampp\htdocs\Besire\wp-content\plugins\woocommerce\src\Internal\ProductAttributesLookup\LookupDataStore.php(378): Automattic\WooCommerce\Internal\ProductAttributesLookup\LookupDataStore->get_attribute_taxonomies(false)
#1 C:\xampp\htdocs\Besire\wp-content\plugins\woocommerce\src\Internal\ProductAttributesLookup\LookupDataStore.php(283): Automattic\WooCommerce\Internal\ProductAttributesLookup\LookupDataStore->create_data_for_variation(Object(WC_Product_Variation))
#2 C:\xampp\htdocs\Besire\wp-content\plugins\woocommerce\src\Internal\ProductAttribute in C:\xampp\htdocs\Besire\wp-content\plugins\woocommerce\src\Internal\ProductAttributesLookup\LookupDataStore.php on line 516

2023-05-10T07:16:33+00:00 CRITICAL Uncaught TypeError: Argument 1 passed to Automattic\WooCommerce\Internal\ProductAttributesLookup\LookupDataStore::get_attribute_taxonomies() must be an instance of WC_Product, bool given, called in C:\xampp\htdocs\Besire\wp-content\plugins\woocommerce\src\Internal\ProductAttributesLookup\LookupDataStore.php on line 378 and defined in C:\xampp\htdocs\Besire\wp-content\plugins\woocommerce\src\Internal\ProductAttributesLookup\LookupDataStore.php:516
Stack trace:
#0 C:\xampp\htdocs\Besire\wp-content\plugins\woocommerce\src\Internal\ProductAttributesLookup\LookupDataStore.php(378): Automattic\WooCommerce\Internal\ProductAttributesLookup\LookupDataStore->get_attribute_taxonomies(false)
#1 C:\xampp\htdocs\Besire\wp-content\plugins\woocommerce\src\Internal\ProductAttributesLookup\LookupDataStore.php(283): Automattic\WooCommerce\Internal\ProductAttributesLookup\LookupDataStore->create_data_for_variation(Object(WC_Product_Variation))
#2 C:\xampp\htdocs\Besire\wp-content\plugins\woocommerce\src\Internal\ProductAttribute in C:\xampp\htdocs\Besire\wp-content\plugins\woocommerce\src\Internal\ProductAttributesLookup\LookupDataStore.php on line 516

2023-05-10T07:16:33+00:00 CRITICAL Uncaught TypeError: Argument 1 passed to Automattic\WooCommerce\Internal\ProductAttributesLookup\LookupDataStore::get_attribute_taxonomies() must be an instance of WC_Product, bool given, called in C:\xampp\htdocs\Besire\wp-content\plugins\woocommerce\src\Internal\ProductAttributesLookup\LookupDataStore.php on line 378 and defined in C:\xampp\htdocs\Besire\wp-content\plugins\woocommerce\src\Internal\ProductAttributesLookup\LookupDataStore.php:516
Stack trace:
#0 C:\xampp\htdocs\Besire\wp-content\plugins\woocommerce\src\Internal\ProductAttributesLookup\LookupDataStore.php(378): Automattic\WooCommerce\Internal\ProductAttributesLookup\LookupDataStore->get_attribute_taxonomies(false)
#1 C:\xampp\htdocs\Besire\wp-content\plugins\woocommerce\src\Internal\ProductAttributesLookup\LookupDataStore.php(283): Automattic\WooCommerce\Internal\ProductAttributesLookup\LookupDataStore->create_data_for_variation(Object(WC_Product_Variation))
#2 C:\xampp\htdocs\Besire\wp-content\plugins\woocommerce\src\Internal\ProductAttribute in C:\xampp\htdocs\Besire\wp-content\plugins\woocommerce\src\Internal\ProductAttributesLookup\LookupDataStore.php on line 516

2023-05-10T07:16:34+00:00 CRITICAL Uncaught TypeError: Argument 1 passed to Automattic\WooCommerce\Internal\ProductAttributesLookup\LookupDataStore::get_attribute_taxonomies() must be an instance of WC_Product, bool given, called in C:\xampp\htdocs\Besire\wp-content\plugins\woocommerce\src\Internal\ProductAttributesLookup\LookupDataStore.php on line 378 and defined in C:\xampp\htdocs\Besire\wp-content\plugins\woocommerce\src\Internal\ProductAttributesLookup\LookupDataStore.php:516
Stack trace:
#0 C:\xampp\htdocs\Besire\wp-content\plugins\woocommerce\src\Internal\ProductAttributesLookup\LookupDataStore.php(378): Automattic\WooCommerce\Internal\ProductAttributesLookup\LookupDataStore->get_attribute_taxonomies(false)
#1 C:\xampp\htdocs\Besire\wp-content\plugins\woocommerce\src\Internal\ProductAttributesLookup\LookupDataStore.php(283): Automattic\WooCommerce\Internal\ProductAttributesLookup\LookupDataStore->create_data_for_variation(Object(WC_Product_Variation))
#2 C:\xampp\htdocs\Besire\wp-content\plugins\woocommerce\src\Internal\ProductAttribute in C:\xampp\htdocs\Besire\wp-content\plugins\woocommerce\src\Internal\ProductAttributesLookup\LookupDataStore.php on line 516

