2023-05-04T04:05:37+00:00 ERROR Error getting data feed
2023-05-04T04:05:37+00:00 ERROR WP_Error Object
(
    [errors] => Array
        (
            [http_request_failed] => Array
                (
                    [0] => cURL error 28: Connection timed out after 5007 milliseconds
                )

        )

    [error_data] => Array
        (
        )

    [additional_data:protected] => Array
        (
        )

)

2023-05-04T04:05:42+00:00 ERROR Error getting data feed
2023-05-04T04:05:42+00:00 ERROR WP_Error Object
(
    [errors] => Array
        (
            [http_request_failed] => Array
                (
                    [0] => cURL error 28: Connection timed out after 5001 milliseconds
                )

        )

    [error_data] => Array
        (
        )

    [additional_data:protected] => Array
        (
        )

)

